<?xml version="1.0" encoding="UTF-8"?>
<testng-results ignored="0" total="1" passed="1" failed="0" skipped="0">
  <reporter-output>
  </reporter-output>
  <suite started-at="2025-05-19T11:07:45 IST" name="Default suite" finished-at="2025-05-19T11:07:55 IST" duration-ms="10151">
    <groups>
    </groups>
    <test started-at="2025-05-19T11:07:45 IST" name="Default test" finished-at="2025-05-19T11:07:55 IST" duration-ms="10151">
      <class name="SeleniumConcepts.ScreenshotTask">
        <test-method signature="f()[pri:0, instance:SeleniumConcepts.ScreenshotTask@5e82df6a]" started-at="2025-05-19T11:07:45 IST" name="f" finished-at="2025-05-19T11:07:55 IST" duration-ms="10020" status="PASS">
          <reporter-output>
          </reporter-output>
        </test-method> <!-- f -->
      </class> <!-- SeleniumConcepts.ScreenshotTask -->
    </test> <!-- Default test -->
  </suite> <!-- Default suite -->
</testng-results>
